<?xml version="1.0" encoding="UTF-8"?>
<testng-results skipped="0" failed="0" ignored="0" total="1" passed="1">
  <reporter-output>
  </reporter-output>
  <suite name="Surefire suite" duration-ms="43303" started-at="2018-07-13T06:10:15Z" finished-at="2018-07-13T06:10:58Z">
    <groups>
    </groups>
    <test name="Surefire test" duration-ms="43303" started-at="2018-07-13T06:10:15Z" finished-at="2018-07-13T06:10:58Z">
      <class name="com.qait.automation.annote.NewTest">
        <test-method status="PASS" signature="before()[pri:0, instance:com.qait.automation.annote.NewTest@17550481]" name="before" is-config="true" duration-ms="32314" started-at="2018-07-13T06:10:15Z" finished-at="2018-07-13T06:10:47Z">
          <reporter-output>
          </reporter-output>
        </test-method> <!-- before -->
        <test-method status="PASS" signature="testlogin()[pri:0, instance:com.qait.automation.annote.NewTest@17550481]" name="testlogin" duration-ms="10880" started-at="2018-07-13T06:10:47Z" finished-at="2018-07-13T06:10:58Z">
          <reporter-output>
          </reporter-output>
        </test-method> <!-- testlogin -->
      </class> <!-- com.qait.automation.annote.NewTest -->
    </test> <!-- Surefire test -->
  </suite> <!-- Surefire suite -->
</testng-results>
