<?xml version="1.0" encoding="UTF-8"?>
<testng-results skipped="0" failed="0" ignored="0" total="1" passed="1">
  <reporter-output>
  </reporter-output>
  <suite name="Default suite" duration-ms="24553" started-at="2018-07-13T05:30:36Z" finished-at="2018-07-13T05:31:01Z">
    <groups>
    </groups>
    <test name="Default test" duration-ms="24553" started-at="2018-07-13T05:30:36Z" finished-at="2018-07-13T05:31:01Z">
      <class name="com.qait.automation.annote.NewTest">
        <test-method status="PASS" signature="before()[pri:0, instance:com.qait.automation.annote.NewTest@204f30ec]" name="before" is-config="true" duration-ms="20100" started-at="2018-07-13T05:30:36Z" finished-at="2018-07-13T05:30:56Z">
          <reporter-output>
          </reporter-output>
        </test-method> <!-- before -->
        <test-method status="PASS" signature="testlogin()[pri:0, instance:com.qait.automation.annote.NewTest@204f30ec]" name="testlogin" duration-ms="4410" started-at="2018-07-13T05:30:56Z" finished-at="2018-07-13T05:31:01Z">
          <reporter-output>
          </reporter-output>
        </test-method> <!-- testlogin -->
      </class> <!-- com.qait.automation.annote.NewTest -->
    </test> <!-- Default test -->
  </suite> <!-- Default suite -->
</testng-results>
